<?xml version="1.0" encoding="UTF-8"?>
<!-- Generated by org.testng.reporters.JUnitXMLReporter -->
<testsuite hostname="LHTU05CG752028N" ignored="0" name="Default test" tests="2" failures="0" timestamp="2019-10-13T11:05:35 IST" time="0.895" errors="0">
  <testcase name="Product_Sanity" time="0.011" classname="FirstTestNG.TestEngine"/>
  <testcase name="Product_Sanity" time="0.003" classname="FirstTestNG.TestEngine">
    <skipped/>
  </testcase> <!-- Product_Sanity -->
</testsuite> <!-- Default test -->
