<?xml version="1.0" encoding="UTF-8"?>
<testng-results skipped="1" failed="0" ignored="0" total="2" passed="1">
  <reporter-output>
  </reporter-output>
  <suite name="Default suite" duration-ms="895" started-at="2019-10-13T11:05:34 IST" finished-at="2019-10-13T11:05:35 IST">
    <groups>
    </groups>
    <test name="Default test" duration-ms="895" started-at="2019-10-13T11:05:34 IST" finished-at="2019-10-13T11:05:35 IST">
      <class name="FirstTestNG.TestEngine">
        <test-method status="PASS" signature="Prerunsetup()[pri:0, instance:FirstTestNG.TestEngine@2473b9ce]" name="Prerunsetup" is-config="true" duration-ms="25" started-at="2019-10-13T11:05:34 IST" finished-at="2019-10-13T11:05:34 IST">
          <reporter-output>
          </reporter-output>
        </test-method> <!-- Prerunsetup -->
        <test-method status="PASS" signature="Setup()[pri:0, instance:FirstTestNG.TestEngine@2473b9ce]" name="Setup" is-config="true" duration-ms="1" started-at="2019-10-13T11:05:34 IST" finished-at="2019-10-13T11:05:34 IST">
          <reporter-output>
          </reporter-output>
        </test-method> <!-- Setup -->
        <test-method status="PASS" signature="Product_Sanity(java.util.ArrayList)[pri:0, instance:FirstTestNG.TestEngine@2473b9ce]" name="Product_Sanity" duration-ms="11" started-at="2019-10-13T11:05:35 IST" data-provider="DP_Flow" finished-at="2019-10-13T11:05:35 IST">
          <params>
            <param index="0">
              <value>
                <![CDATA[[A, Yes, ScenarioA   , a, b, NA]]]>
              </value>
            </param>
          </params>
          <reporter-output>
          </reporter-output>
        </test-method> <!-- Product_Sanity -->
        <test-method status="SKIP" signature="Product_Sanity(java.util.ArrayList)[pri:0, instance:FirstTestNG.TestEngine@2473b9ce]" name="Product_Sanity" duration-ms="3" started-at="2019-10-13T11:05:35 IST" data-provider="DP_Flow" finished-at="2019-10-13T11:05:35 IST">
          <params>
            <param index="0">
              <value>
                <![CDATA[[B, No, ScenarioB   , c, d, NA]]]>
              </value>
            </param>
          </params>
          <exception class="org.testng.SkipException">
            <message>
              <![CDATA[Skipping this Test]]>
            </message>
            <full-stacktrace>
              <![CDATA[org.testng.SkipException: Skipping this Test
at FirstTestNG.TestEngine.Product_Sanity(TestEngine.java:158)
at sun.reflect.NativeMethodAccessorImpl.invoke0(Native Method)
at sun.reflect.NativeMethodAccessorImpl.invoke(NativeMethodAccessorImpl.java:62)
at sun.reflect.DelegatingMethodAccessorImpl.invoke(DelegatingMethodAccessorImpl.java:43)
at java.lang.reflect.Method.invoke(Method.java:498)
at org.testng.internal.MethodInvocationHelper.invokeMethod(MethodInvocationHelper.java:133)
at org.testng.internal.TestInvoker.invokeMethod(TestInvoker.java:584)
at org.testng.internal.TestInvoker.invokeTestMethod(TestInvoker.java:172)
at org.testng.internal.MethodRunner.runInSequence(MethodRunner.java:46)
at org.testng.internal.TestInvoker$MethodInvocationAgent.invoke(TestInvoker.java:804)
at org.testng.internal.TestInvoker.invokeTestMethods(TestInvoker.java:145)
at org.testng.internal.TestMethodWorker.invokeTestMethods(TestMethodWorker.java:146)
at org.testng.internal.TestMethodWorker.run(TestMethodWorker.java:128)
at java.util.ArrayList.forEach(ArrayList.java:1249)
at org.testng.TestRunner.privateRun(TestRunner.java:770)
at org.testng.TestRunner.run(TestRunner.java:591)
at org.testng.SuiteRunner.runTest(SuiteRunner.java:402)
at org.testng.SuiteRunner.runSequentially(SuiteRunner.java:396)
at org.testng.SuiteRunner.privateRun(SuiteRunner.java:355)
at org.testng.SuiteRunner.run(SuiteRunner.java:304)
at org.testng.SuiteRunnerWorker.runSuite(SuiteRunnerWorker.java:53)
at org.testng.SuiteRunnerWorker.run(SuiteRunnerWorker.java:96)
at org.testng.TestNG.runSuitesSequentially(TestNG.java:1180)
at org.testng.TestNG.runSuitesLocally(TestNG.java:1102)
at org.testng.TestNG.runSuites(TestNG.java:1032)
at org.testng.TestNG.run(TestNG.java:1000)
at org.testng.remote.AbstractRemoteTestNG.run(AbstractRemoteTestNG.java:115)
at org.testng.remote.RemoteTestNG.initAndRun(RemoteTestNG.java:251)
at org.testng.remote.RemoteTestNG.main(RemoteTestNG.java:77)
]]>
            </full-stacktrace>
          </exception> <!-- org.testng.SkipException -->
          <reporter-output>
          </reporter-output>
        </test-method> <!-- Product_Sanity -->
        <test-method status="PASS" signature="PostExecution()[pri:0, instance:FirstTestNG.TestEngine@2473b9ce]" name="PostExecution" is-config="true" duration-ms="1" started-at="2019-10-13T11:05:35 IST" finished-at="2019-10-13T11:05:35 IST">
          <reporter-output>
          </reporter-output>
        </test-method> <!-- PostExecution -->
      </class> <!-- FirstTestNG.TestEngine -->
    </test> <!-- Default test -->
  </suite> <!-- Default suite -->
</testng-results>
